Arguments: 
  /usr/local/bin/node /usr/bin/yarn build

PATH: 
  /home/aymeric/Desktop/google-cloud-sdk/bin:/home/aymeric/bin/:/home/aymeric/bin:/usr/local/sbin:/usr/local/bin:/usr/sbin:/usr/bin:/sbin:/bin:/usr/games:/usr/local/games:/snap/bin:/home/aymeric/Android/Sdk/platform-tools

Yarn version: 
  1.5.1

Node version: 
  10.11.0

Platform: 
  linux x64

npm manifest: 
  {
    "name": "battlebird",
    "version": "0.0.2",
    "description": "Secured Communication with great Ethereum Synergy",
    "main": "./index.js",
    "browser": "./index.js",
    "scripts": {
      "build": "webpack",
      "postinstall": "tsc",
      "test": "npm run lint && jest --coverage ./ts_sources",
      "lint": "tslint -e '**/*.test.ts' --format verbose --project .",
      "codecov": "codecov",
      "doc": "typedoc --out ./generated_doc --mode file ./ts_sources/ --theme ./node_modules/typedoc-thunder-theme/bin/default/ --name 'Battlebird'"
    },
    "jest": {
      "testURL": "http://localhost",
      "transform": {
        "^.+\\.tsx?$": "ts-jest"
      },
      "testRegex": "(/__tests__/.*|(\\.|/)(test|spec))\\.(jsx?|tsx?)$",
      "moduleFileExtensions": [
        "js",
        "jsx",
        "ts",
        "tsx",
        "json",
        "node"
      ]
    },
    "repository": {
      "type": "git",
      "url": "git+https://github.com/Horyus/battlebird.git"
    },
    "keywords": [
      "communication",
      "ethereum",
      "p2p",
      "ecdsa",
      "ecdh",
      "direct",
      "utp"
    ],
    "author": "Horyus",
    "license": "MIT",
    "bugs": {
      "url": "https://github.com/Horyus/battlebird/issues"
    },
    "homepage": "https://github.com/Horyus/battlebird#readme",
    "devDependencies": {
      "@babel/core": "^7.1.2",
      "@babel/preset-env": "^7.1.0",
      "babel-cli": "^6.26.0",
      "babel-core": "^6.26.3",
      "babel-loader": "^8.0.4",
      "babel-preset-env": "^1.7.0",
      "codecov": "^3.0.4",
      "jest": "^23.2.0",
      "linted": "^1.0.4",
      "ts-jest": "^23.0.0",
      "tslint": "^5.10.0",
      "typedoc": "^0.11.1",
      "typedoc-thunder-theme": "0.0.1",
      "webpack": "^4.21.0",
      "webpack-cli": "^3.1.2"
    },
    "dependencies": {
      "@types/node": "^10.5.1",
      "dgram-browserify": "0.0.13",
      "eccrypto": "^1.0.3",
      "elliptic": "^6.4.1",
      "ethers": "^3.0.26",
      "typescript": "^2.9.2",
      "utp-punch": "^1.0.0",
      "web3-utils": "^1.0.0-beta.35"
    }
  }

yarn manifest: 
  No manifest

Lockfile: 
  No lockfile

Trace: 
  Error: Command failed.
  Exit code: 2
  Command: sh
  Arguments: -c webpack
  Directory: /home/aymeric/Documents/Horyus/battlebird
  Output:
  
      at ProcessTermError.MessageError (/usr/lib/node_modules/yarn/lib/cli.js:186:110)
      at new ProcessTermError (/usr/lib/node_modules/yarn/lib/cli.js:226:113)
      at ChildProcess.<anonymous> (/usr/lib/node_modules/yarn/lib/cli.js:30281:17)
      at ChildProcess.emit (events.js:182:13)
      at maybeClose (internal/child_process.js:962:16)
      at Process.ChildProcess._handle.onexit (internal/child_process.js:251:5)
